[t = 0] Enqueue PID=1
[t = 0] Assigned process with PID=1 to CPU 1
[t = 8] Enqueue PID=2
[t = 8] Assigned process with PID=2 to CPU 2
[t = 15] Enqueue PID=3
[t = 25] Enqueue PID=4
[t = 40] Enqueue PID=5
[t = 48] Stopped PID=2 in CPU 2
[t = 48] Finish PID=2
[t = 48] Assigned process with PID=5 to CPU 2
[t = 68] Stopped PID=5 in CPU 2
[t = 68] Finish PID=5
[t = 68] Assigned process with PID=4 to CPU 2
[t = 98] Stopped PID=4 in CPU 2
[t = 98] Finish PID=4
[t = 98] Assigned process with PID=3 to CPU 2
[t = 120] Stopped PID=1 in CPU 1
[t = 120] Finish PID=1
[t = 158] Stopped PID=3 in CPU 2
[t = 158] Finish PID=3
[t = 158] All done at t = 158
