[t=   0] enqueue PID=1
[t=   0] enqueue PID=2
[t=   0] run PID=1 for   10
[t=  10] enqueue PID=3
[t=  10] run PID=1 for   10
[t=  20] enqueue PID=4
[t=  20] run PID=1 for   10
[t=  30] run PID=1 for   10
[t=  40] enqueue PID=5
[t=  40] run PID=1 for   10
[t=  50] enqueue PID=6
[t=  50] run PID=1 for   10
[t=  60] run PID=1 for   10
[t=  70] run PID=1 for   10
[t=  80] run PID=1 for   10
[t=  90] run PID=1 for   10
[t= 100] finish PID=1
[t= 100] run PID=4 for   10
[t= 110] run PID=4 for   10
[t= 120] run PID=4 for   10
[t= 130] run PID=4 for   10
[t= 140] run PID=4 for   10
[t= 150] run PID=4 for   10
[t= 160] run PID=4 for   10
[t= 170] run PID=4 for   10
[t= 180] finish PID=4
[t= 180] run PID=2 for   10
[t= 190] run PID=6 for   10
[t= 200] run PID=2 for   10
[t= 210] run PID=6 for   10
[t= 220] run PID=2 for   10
[t= 230] run PID=6 for   10
[t= 240] run PID=2 for   10
[t= 250] run PID=6 for   10
[t= 260] run PID=2 for   10
[t= 270] run PID=6 for   10
[t= 280] finish PID=6
[t= 280] run PID=2 for   10
[t= 290] finish PID=2
[t= 290] run PID=3 for   10
[t= 300] run PID=3 for   10
[t= 310] run PID=3 for   10
[t= 320] finish PID=3
[t= 320] run PID=5 for   10
[t= 330] finish PID=5
All done at t=330
